<?xml version="1.0" encoding="UTF-8"?>
<robot generator="Robot 7.2 (Python 3.13.1 on win32)" generated="2025-02-17T01:12:06.059246" rpa="false" schemaversion="5">
<suite id="s1" name="Dinopark-Lab1" source="C:\Mjukvarutestare Utbildning\Testautomation för Continuous Testing\dinopark-lab1\dinopark-lab1">
<suite id="s1-s1" name="Main" source="C:\Mjukvarutestare Utbildning\Testautomation för Continuous Testing\dinopark-lab1\dinopark-lab1\main.robot">
<test id="s1-s1-t1" name="Test Registration With Too Short Password" line="32">
<kw name="Open Browser To Page" owner="keywords">
<kw name="Open Browser" owner="SeleniumLibrary">
<msg time="2025-02-17T01:12:06.272837" level="INFO">Opening browser 'chrome' to base url 'file:///C:/Mjukvarutestare Utbildning/Testautomation för Continuous Testing/dinopark-lab1/dinopark-lab1/webpages/jurap.html'.</msg>
<msg time="2025-02-17T01:12:06.574757" level="WARN">The chromedriver version (132.0.6834.110) detected in PATH at C:\Users\sjuba\Webdriver\chromedriver.exe might not be compatible with the detected chrome version (133.0.6943.98); currently, chromedriver 133.0.6943.98 is recommended for chrome 133.*, so it is advised to delete the driver in PATH and retry</msg>
<arg>${url}</arg>
<arg>${browser}</arg>
<arg>options=add_argument("--incognito")</arg>
<doc>Opens a new browser instance to the optional ``url``.</doc>
<status status="PASS" start="2025-02-17T01:12:06.272551" elapsed="1.547633"/>
</kw>
<kw name="Maximize Browser Window" owner="SeleniumLibrary">
<doc>Maximizes current browser window.</doc>
<status status="PASS" start="2025-02-17T01:12:07.820648" elapsed="0.035430"/>
</kw>
<kw name="Title Should Be" owner="SeleniumLibrary">
<msg time="2025-02-17T01:12:07.861916" level="INFO">Page title is 'Jura-Stina-Kalle Park'.</msg>
<arg>${title}</arg>
<doc>Verifies that the current page title equals ``title``.</doc>
<status status="PASS" start="2025-02-17T01:12:07.856290" elapsed="0.005998"/>
</kw>
<kw name="Sleep" owner="BuiltIn">
<msg time="2025-02-17T01:12:10.862899" level="INFO">Slept 3 seconds.</msg>
<arg>3s</arg>
<doc>Pauses the test executed for the given time.</doc>
<status status="PASS" start="2025-02-17T01:12:07.862522" elapsed="3.000841"/>
</kw>
<arg>${url}</arg>
<arg>${browser}</arg>
<arg>${title}</arg>
<tag>Henrik Bergman</tag>
<status status="PASS" start="2025-02-17T01:12:06.271718" elapsed="4.591824"/>
</kw>
<kw name="Register New User" owner="keywords">
<kw name="Click Navigation Element" owner="keywords">
<kw name="Click Element" owner="SeleniumLibrary">
<msg time="2025-02-17T01:12:10.865965" level="INFO">Clicking element '//*[@id="register-nav"]'.</msg>
<arg>${Element_to_click}</arg>
<doc>Click the element identified by ``locator``.</doc>
<status status="PASS" start="2025-02-17T01:12:10.865390" elapsed="0.075474"/>
</kw>
<arg>${register_navigation_Element}</arg>
<tag>Sjubaib</tag>
<status status="PASS" start="2025-02-17T01:12:10.864805" elapsed="0.076321"/>
</kw>
<kw name="Type Text" owner="keywords">
<kw name="Input Text" owner="SeleniumLibrary">
<msg time="2025-02-17T01:12:10.942211" level="INFO">Typing text 'TooShortPasswordUser' into text field 'id=reg-username'.</msg>
<arg>${element}</arg>
<arg>${text}</arg>
<doc>Types the given ``text`` into the text field identified by ``locator``.</doc>
<status status="PASS" start="2025-02-17T01:12:10.941880" elapsed="0.118235"/>
</kw>
<arg>${username_input_id}</arg>
<arg>${username}</arg>
<tag>Sjubaib</tag>
<status status="PASS" start="2025-02-17T01:12:10.941377" elapsed="0.119023"/>
</kw>
<kw name="Type Text" owner="keywords">
<kw name="Input Text" owner="SeleniumLibrary">
<msg time="2025-02-17T01:12:11.061869" level="INFO">Typing text '123' into text field 'id=reg-password'.</msg>
<arg>${element}</arg>
<arg>${text}</arg>
<doc>Types the given ``text`` into the text field identified by ``locator``.</doc>
<status status="PASS" start="2025-02-17T01:12:11.061408" elapsed="0.076449"/>
</kw>
<arg>${password_input_id}</arg>
<arg>${password}</arg>
<tag>Sjubaib</tag>
<status status="PASS" start="2025-02-17T01:12:11.060719" elapsed="0.077444"/>
</kw>
<kw name="Click Submit Button" owner="keywords">
<kw name="Click Button" owner="SeleniumLibrary">
<msg time="2025-02-17T01:12:11.139665" level="INFO">Clicking button '//*[@id="register-form"]/button'.</msg>
<arg>${Submit_Button_to_click}</arg>
<doc>Clicks the button identified by ``locator``.</doc>
<status status="PASS" start="2025-02-17T01:12:11.139184" elapsed="0.080406"/>
</kw>
<arg>${register_button}</arg>
<tag>Sjubaib</tag>
<status status="PASS" start="2025-02-17T01:12:11.138516" elapsed="0.081354"/>
</kw>
<arg>${short_password_username}</arg>
<arg>${short_password}</arg>
<tag>Sjubaib</tag>
<status status="PASS" start="2025-02-17T01:12:10.864034" elapsed="0.356005"/>
</kw>
<kw name="Message visibility and validation" owner="keywords">
<kw name="Wait Until Element Is Visible" owner="SeleniumLibrary">
<arg>${message_Element}</arg>
<arg>${timeout}</arg>
<doc>Waits until the element ``locator`` is visible.</doc>
<status status="PASS" start="2025-02-17T01:12:11.221727" elapsed="0.029471"/>
</kw>
<kw name="Element Text Should Be" owner="SeleniumLibrary">
<msg time="2025-02-17T01:12:11.251871" level="INFO">Verifying element 'id=register-message' contains exact text 'Password must be at least 8 characters long.'.</msg>
<arg>${message_Element}</arg>
<arg>${messageText}</arg>
<doc>Verifies that element ``locator`` contains exact the text ``expected``.</doc>
<status status="PASS" start="2025-02-17T01:12:11.251451" elapsed="0.027322"/>
</kw>
<arg>${register_message}</arg>
<arg>${error_short_password_message}</arg>
<arg>10</arg>
<tag>Sjubaib</tag>
<status status="PASS" start="2025-02-17T01:12:11.220823" elapsed="0.058240"/>
</kw>
<kw name="Close Browser" owner="SeleniumLibrary" type="TEARDOWN">
<doc>Closes the current browser.</doc>
<status status="PASS" start="2025-02-17T01:12:11.279668" elapsed="2.349919"/>
</kw>
<tag>Sjubaib</tag>
<status status="PASS" start="2025-02-17T01:12:06.270785" elapsed="7.359395"/>
</test>
<doc>Robot lab 1, Grupp 1.     Abdirahman Bayle, Sjubaib Rifai, Henrik Bergman</doc>
<status status="PASS" start="2025-02-17T01:12:06.078082" elapsed="7.553695"/>
</suite>
<status status="PASS" start="2025-02-17T01:12:06.062925" elapsed="7.569861"/>
</suite>
<statistics>
<total>
<stat pass="1" fail="0" skip="0">All Tests</stat>
</total>
<tag>
<stat pass="1" fail="0" skip="0">Sjubaib</stat>
</tag>
<suite>
<stat name="Dinopark-Lab1" id="s1" pass="1" fail="0" skip="0">Dinopark-Lab1</stat>
<stat name="Main" id="s1-s1" pass="1" fail="0" skip="0">Dinopark-Lab1.Main</stat>
</suite>
</statistics>
<errors>
<msg time="2025-02-17T01:12:06.574757" level="WARN">The chromedriver version (132.0.6834.110) detected in PATH at C:\Users\sjuba\Webdriver\chromedriver.exe might not be compatible with the detected chrome version (133.0.6943.98); currently, chromedriver 133.0.6943.98 is recommended for chrome 133.*, so it is advised to delete the driver in PATH and retry</msg>
</errors>
</robot>
